<?xml version="1.0" encoding="UTF-8" ?>
<testsuite tests="3" failures="0" name="io.microservices.cafe.RunCucumberTest" time="3.936" errors="0" skipped="0">
  <properties>
[...]
</properties>
  <testcase classname="Get coffee by coffee name" name="client makes call to GET /coffees/Espresso" time="3.894"/>
  <testcase classname="Get coffee by coffee name" name="client makes call to GET /coffees/Cappuccino" time="0.018"/>
  <testcase classname="Get coffee by coffee name" name="client makes call to GET /coffees/Latte" time="0.024"/>
</testsuite>